<?xml version="1.0" encoding="UTF-8"?>
<testsuite xmlns:xsi="http://www.w3.org/2001/XMLSchema-instance" xsi:noNamespaceSchemaLocation="https://maven.apache.org/surefire/maven-surefire-plugin/xsd/surefire-test-report-3.0.xsd" version="3.0" name="com.example.studyroom.controller.PublicControllerTest" time="9.36" tests="2" errors="0" skipped="0" failures="0">
  <properties>
[...]
</properties>
  <testcase name="testGetAnnouncements" classname="com.example.studyroom.controller.PublicControllerTest" time="5.528">
    <system-out><![CDATA[15:02:26.087 [main] INFO org.springframework.test.context.support.AnnotationConfigContextLoaderUtils -- Could not detect default configuration classes for test class [com.example.studyroom.controller.PublicControllerTest]: PublicControllerTest does not declare any static, non-private, non-final, nested classes annotated with @Configuration.
15:02:26.230 [main] INFO org.springframework.boot.test.context.SpringBootTestContextBootstrapper -- Found @SpringBootConfiguration com.example.studyroom.StudyRoomApplication for test class com.example.studyroom.controller.PublicControllerTest
2026-03-29T15:02:26.670+08:00  INFO 25084 --- [study-room-backend] [           main] c.e.s.controller.PublicControllerTest    : Starting PublicControllerTest using Java 23 with PID 25084 (started by 72859 in C:\Users\72859\Desktop\移动计算方向专业实践\StudyRoom\backend)
2026-03-29T15:02:26.674+08:00  INFO 25084 --- [study-room-backend] [           main] c.e.s.controller.PublicControllerTest    : The following 1 profile is active: "dev"
2026-03-29T15:02:27.359+08:00  INFO 25084 --- [study-room-backend] [           main] .s.d.r.c.RepositoryConfigurationDelegate : Multiple Spring Data modules found, entering strict repository configuration mode
2026-03-29T15:02:27.359+08:00  INFO 25084 --- [study-room-backend] [           main] .s.d.r.c.RepositoryConfigurationDelegate : Bootstrapping Spring Data Redis repositories in DEFAULT mode.
2026-03-29T15:02:27.382+08:00  INFO 25084 --- [study-room-backend] [           main] .s.d.r.c.RepositoryConfigurationDelegate : Finished Spring Data repository scanning in 10 ms. Found 0 Redis repository interfaces.
Logging initialized using 'class org.apache.ibatis.logging.stdout.StdOutImpl' adapter.
Initialization Sequence datacenterId:0 workerId:25
 _ _   |_  _ _|_. ___ _ |    _ 
| | |\/|_)(_| | |_\  |_)||_|_\ 
     /               |         
                        3.5.5 
2026-03-29T15:02:28.549+08:00  WARN 25084 --- [study-room-backend] [           main] .s.s.UserDetailsServiceAutoConfiguration : 

Using generated security password: 62971e4e-1551-47b5-ac39-6c8c4ba9c7df

This generated password is for development use only. Your security configuration must be updated before running your application in production.

2026-03-29T15:02:28.949+08:00  INFO 25084 --- [study-room-backend] [           main] o.s.s.web.DefaultSecurityFilterChain     : Will secure any request with [org.springframework.security.web.session.DisableEncodeUrlFilter@41143873, org.springframework.security.web.context.request.async.WebAsyncManagerIntegrationFilter@21f50d2c, org.springframework.security.web.context.SecurityContextHolderFilter@65753724, org.springframework.security.web.header.HeaderWriterFilter@fcd0e8d, org.springframework.web.filter.CorsFilter@8bc0696, org.springframework.security.web.authentication.logout.LogoutFilter@48368a08, com.example.studyroom.security.JwtAuthenticationFilter@473847fb, org.springframework.security.web.savedrequest.RequestCacheAwareFilter@d66502, org.springframework.security.web.servletapi.SecurityContextHolderAwareRequestFilter@78545d40, org.springframework.security.web.authentication.AnonymousAuthenticationFilter@270f28cf, org.springframework.security.web.session.SessionManagementFilter@e881e46, org.springframework.security.web.access.ExceptionTranslationFilter@655621fd, org.springframework.security.web.access.intercept.AuthorizationFilter@5d27b4c1]
2026-03-29T15:02:29.718+08:00  INFO 25084 --- [study-room-backend] [           main] o.s.b.t.m.w.SpringBootMockServletContext : Initializing Spring TestDispatcherServlet ''
2026-03-29T15:02:29.718+08:00  INFO 25084 --- [study-room-backend] [           main] o.s.t.web.servlet.TestDispatcherServlet  : Initializing Servlet ''
2026-03-29T15:02:29.723+08:00  INFO 25084 --- [study-room-backend] [           main] o.s.t.web.servlet.TestDispatcherServlet  : Completed initialization in 5 ms
2026-03-29T15:02:29.746+08:00  INFO 25084 --- [study-room-backend] [           main] c.e.s.controller.PublicControllerTest    : Started PublicControllerTest in 3.372 seconds (process running for 4.284)
Creating a new SqlSession
SqlSession [org.apache.ibatis.session.defaults.DefaultSqlSession@30ca66c5] was not registered for synchronization because synchronization is not active
2026-03-29T15:02:34.854+08:00  INFO 25084 --- [study-room-backend] [           main] com.zaxxer.hikari.HikariDataSource       : HikariPool-1 - Starting...
2026-03-29T15:02:35.119+08:00  INFO 25084 --- [study-room-backend] [           main] com.zaxxer.hikari.pool.HikariPool        : HikariPool-1 - Added connection com.mysql.cj.jdbc.ConnectionImpl@279e85eb
2026-03-29T15:02:35.119+08:00  INFO 25084 --- [study-room-backend] [           main] com.zaxxer.hikari.HikariDataSource       : HikariPool-1 - Start completed.
JDBC Connection [HikariProxyConnection@954764819 wrapping com.mysql.cj.jdbc.ConnectionImpl@279e85eb] will not be managed by Spring
==>  Preparing: SELECT id,title,content,status,created_at FROM announcements WHERE (status = ?) ORDER BY created_at DESC
==> Parameters: 1(Integer)
<==      Total: 0
Closing non transactional SqlSession [org.apache.ibatis.session.defaults.DefaultSqlSession@30ca66c5]
]]></system-out>
    <system-err><![CDATA[WARNING: A Java agent has been loaded dynamically (C:\Users\72859\.m2\repository\net\bytebuddy\byte-buddy-agent\1.14.12\byte-buddy-agent-1.14.12.jar)
WARNING: If a serviceability tool is in use, please run with -XX:+EnableDynamicAgentLoading to hide this warning
WARNING: If a serviceability tool is not in use, please run with -Djdk.instrument.traceUsage for more information
WARNING: Dynamic loading of agents will be disallowed by default in a future release
]]></system-err>
  </testcase>
  <testcase name="testGetCarousels" classname="com.example.studyroom.controller.PublicControllerTest" time="0.009">
    <system-out><![CDATA[Creating a new SqlSession
SqlSession [org.apache.ibatis.session.defaults.DefaultSqlSession@5b11d0d8] was not registered for synchronization because synchronization is not active
JDBC Connection [HikariProxyConnection@1559469558 wrapping com.mysql.cj.jdbc.ConnectionImpl@279e85eb] will not be managed by Spring
==>  Preparing: SELECT id,image_url,sort_order,status FROM carousels WHERE (status = ?) ORDER BY sort_order ASC
==> Parameters: 1(Integer)
<==      Total: 0
Closing non transactional SqlSession [org.apache.ibatis.session.defaults.DefaultSqlSession@5b11d0d8]
]]></system-out>
  </testcase>
</testsuite>